<?xml version="1.0" encoding="UTF-8"?>
<!-- Generated by org.testng.reporters.JUnitXMLReporter -->
<testsuite ignored="70" hostname="PF3ZE9EW" failures="0" tests="37" name="Test" time="53.717" errors="0" timestamp="2023-06-01T16:09:07 IST">
  <testcase classname="com.restassured.testcases.Login" name="Login_user" time="4.847"/>
  <testcase classname="com.restassured.testcases.Login" name="Verify_token" time="1.125"/>
  <testcase classname="com.restassured.testcases.Location_Download_CSV" name="Get_Location_DownloadCSV" time="1.077"/>
  <testcase classname="com.restassured.testcases.Location_Get_Data" name="Get_Location_DownloadTemplate" time="1.036"/>
  <testcase classname="com.restassured.testcases.Location_Get_DownloadTemplate" name="Get_Location_DownloadTemplate" time="1.03"/>
  <testcase classname="com.restassured.testcases.Location_Upload_CSV" name="Get_Location_Upload_CSV" time="1.079"/>
  <testcase classname="com.restassured.testcases.Location_Upload_JSON" name="Get_Location_Upload_JSON" time="1.032"/>
  <testcase classname="com.restassured.testcases.Mapping_Download_CSV" name="Get_Mapping_DownloadCSV" time="1.004"/>
  <testcase classname="com.restassured.testcases.Mapping_Get_Data" name="Get_Mapping_DownloadTemplate" time="1.02"/>
  <testcase classname="com.restassured.testcases.Mapping_Get_DownloadTemplate" name="Get_Mapping_DownloadTemplate" time="1.028"/>
  <testcase classname="com.restassured.testcases.Mapping_Upload_CSV" name="Get_Mapping_Upload_CSV" time="1.001"/>
  <testcase classname="com.restassured.testcases.Mapping_Upload_JSON" name="Get_Mapping_Upload_JSON" time="1.001"/>
  <testcase classname="com.restassured.testcases.Network_Download_CSV" name="Get_Network_DownloadCSV" time="1.027"/>
  <testcase classname="com.restassured.testcases.Network_Get_Data" name="Get_Network_DownloadTemplate" time="1.035"/>
  <testcase classname="com.restassured.testcases.Network_Get_DownloadTemplate" name="Get_Network_DownloadTemplate" time="1.025"/>
  <testcase classname="com.restassured.testcases.Network_Upload_CSV" name="Get_Network_Upload_CSV" time="1.061"/>
  <testcase classname="com.restassured.testcases.Network_Upload_JSON" name="Get_Network_Upload_JSON" time="0.998"/>
  <testcase classname="com.restassured.testcases.Personnel_Download_CSV" name="Get_Personnel_DownloadCSV" time="0.999"/>
  <testcase classname="com.restassured.testcases.Personnel_Get_Data" name="Get_Personnel_DownloadTemplate" time="1.016"/>
  <testcase classname="com.restassured.testcases.Personnel_Get_DownloadTemplate" name="Get_Personnel_DownloadTemplate" time="1.015"/>
  <testcase classname="com.restassured.testcases.Personnel_Upload_CSV" name="Get_Personnel_Upload_CSV" time="1.036"/>
  <testcase classname="com.restassured.testcases.Personnel_Upload_JSON" name="Get_Personnel_Upload_JSON" time="1.02"/>
  <testcase classname="com.restassured.testcases.Product_Download_CSV" name="Get_Product_DownloadCSV" time="1.303"/>
  <testcase classname="com.restassured.testcases.Product_Get_Data" name="Get_Product_DownloadTemplate" time="3.717"/>
  <testcase classname="com.restassured.testcases.Product_Get_DownloadTemplate" name="Get_Product_DownloadTemplate" time="0.989"/>
  <testcase classname="com.restassured.testcases.Product_Upload_CSV" name="Get_Product_Upload_CSV" time="4.082"/>
  <testcase classname="com.restassured.testcases.Product_Upload_JSON" name="Get_Product_Upload_JSON" time="4.998"/>
  <testcase classname="com.restassured.testcases.Currency_Download_CSV" name="Get_Currency_DownloadCSV" time="1.028"/>
  <testcase classname="com.restassured.testcases.Currency_Get_Data" name="Get_Currency_DownloadTemplate" time="1.614"/>
  <testcase classname="com.restassured.testcases.Currency_Get_DownloadTemplate" name="Get_Currency_DownloadTemplate" time="1.007"/>
  <testcase classname="com.restassured.testcases.Currency_Upload_CSV" name="Get_Currency_Upload_CSV" time="1.625"/>
  <testcase classname="com.restassured.testcases.Currency_Upload_JSON" name="Get_Currency_Upload_JSON" time="1.637"/>
  <testcase classname="com.restassured.testcases.Transaction_Download_CSV" name="Get_Transaction_DownloadCSV" time="1.022"/>
  <testcase classname="com.restassured.testcases.Transaction_Get_Data" name="Get_Transaction_DownloadTemplate" time="1.018"/>
  <testcase classname="com.restassured.testcases.Transaction_Get_DownloadTemplate" name="Get_Transaction_DownloadTemplate" time="0.998"/>
  <testcase classname="com.restassured.testcases.Transaction_Upload_CSV" name="Get_Transaction_Upload_CSV" time="1.049"/>
  <testcase classname="com.restassured.testcases.Transaction_Upload_JSON" name="Get_Transaction_Upload_JSON" time="1.009"/>
  <testcase classname="com.restassured.testcases.BaseTest" name="@AfterSuite afterSuite" time="0.0">
    <ignored/>
  </testcase> <!-- @AfterSuite afterSuite -->
  <testcase classname="com.restassured.testcases.BaseTest" name="@AfterSuite afterSuite" time="0.0">
    <ignored/>
  </testcase> <!-- @AfterSuite afterSuite -->
  <testcase classname="com.restassured.testcases.BaseTest" name="@AfterSuite afterSuite" time="0.0">
    <ignored/>
  </testcase> <!-- @AfterSuite afterSuite -->
  <testcase classname="com.restassured.testcases.BaseTest" name="@AfterSuite afterSuite" time="0.0">
    <ignored/>
  </testcase> <!-- @AfterSuite afterSuite -->
  <testcase classname="com.restassured.testcases.BaseTest" name="@AfterSuite afterSuite" time="0.0">
    <ignored/>
  </testcase> <!-- @AfterSuite afterSuite -->
  <testcase classname="com.restassured.testcases.BaseTest" name="@AfterSuite afterSuite" time="0.0">
    <ignored/>
  </testcase> <!-- @AfterSuite afterSuite -->
  <testcase classname="com.restassured.testcases.BaseTest" name="@AfterSuite afterSuite" time="0.0">
    <ignored/>
  </testcase> <!-- @AfterSuite afterSuite -->
  <testcase classname="com.restassured.testcases.BaseTest" name="@AfterSuite afterSuite" time="0.0">
    <ignored/>
  </testcase> <!-- @AfterSuite afterSuite -->
  <testcase classname="com.restassured.testcases.BaseTest" name="@AfterSuite afterSuite" time="0.0">
    <ignored/>
  </testcase> <!-- @AfterSuite afterSuite -->
  <testcase classname="com.restassured.testcases.BaseTest" name="@AfterSuite afterSuite" time="0.0">
    <ignored/>
  </testcase> <!-- @AfterSuite afterSuite -->
  <testcase classname="com.restassured.testcases.BaseTest" name="@AfterSuite afterSuite" time="0.0">
    <ignored/>
  </testcase> <!-- @AfterSuite afterSuite -->
  <testcase classname="com.restassured.testcases.BaseTest" name="@AfterSuite afterSuite" time="0.0">
    <ignored/>
  </testcase> <!-- @AfterSuite afterSuite -->
  <testcase classname="com.restassured.testcases.BaseTest" name="@AfterSuite afterSuite" time="0.0">
    <ignored/>
  </testcase> <!-- @AfterSuite afterSuite -->
  <testcase classname="com.restassured.testcases.BaseTest" name="@AfterSuite afterSuite" time="0.0">
    <ignored/>
  </testcase> <!-- @AfterSuite afterSuite -->
  <testcase classname="com.restassured.testcases.BaseTest" name="@AfterSuite afterSuite" time="0.0">
    <ignored/>
  </testcase> <!-- @AfterSuite afterSuite -->
  <testcase classname="com.restassured.testcases.BaseTest" name="@AfterSuite afterSuite" time="0.0">
    <ignored/>
  </testcase> <!-- @AfterSuite afterSuite -->
  <testcase classname="com.restassured.testcases.BaseTest" name="@AfterSuite afterSuite" time="0.0">
    <ignored/>
  </testcase> <!-- @AfterSuite afterSuite -->
  <testcase classname="com.restassured.testcases.BaseTest" name="@AfterSuite afterSuite" time="0.0">
    <ignored/>
  </testcase> <!-- @AfterSuite afterSuite -->
  <testcase classname="com.restassured.testcases.BaseTest" name="@AfterSuite afterSuite" time="0.0">
    <ignored/>
  </testcase> <!-- @AfterSuite afterSuite -->
  <testcase classname="com.restassured.testcases.BaseTest" name="@AfterSuite afterSuite" time="0.0">
    <ignored/>
  </testcase> <!-- @AfterSuite afterSuite -->
  <testcase classname="com.restassured.testcases.BaseTest" name="@AfterSuite afterSuite" time="0.0">
    <ignored/>
  </testcase> <!-- @AfterSuite afterSuite -->
  <testcase classname="com.restassured.testcases.BaseTest" name="@AfterSuite afterSuite" time="0.0">
    <ignored/>
  </testcase> <!-- @AfterSuite afterSuite -->
  <testcase classname="com.restassured.testcases.BaseTest" name="@AfterSuite afterSuite" time="0.0">
    <ignored/>
  </testcase> <!-- @AfterSuite afterSuite -->
  <testcase classname="com.restassured.testcases.BaseTest" name="@AfterSuite afterSuite" time="0.0">
    <ignored/>
  </testcase> <!-- @AfterSuite afterSuite -->
  <testcase classname="com.restassured.testcases.BaseTest" name="@AfterSuite afterSuite" time="0.0">
    <ignored/>
  </testcase> <!-- @AfterSuite afterSuite -->
  <testcase classname="com.restassured.testcases.BaseTest" name="@AfterSuite afterSuite" time="0.0">
    <ignored/>
  </testcase> <!-- @AfterSuite afterSuite -->
  <testcase classname="com.restassured.testcases.BaseTest" name="@AfterSuite afterSuite" time="0.0">
    <ignored/>
  </testcase> <!-- @AfterSuite afterSuite -->
  <testcase classname="com.restassured.testcases.BaseTest" name="@AfterSuite afterSuite" time="0.0">
    <ignored/>
  </testcase> <!-- @AfterSuite afterSuite -->
  <testcase classname="com.restassured.testcases.BaseTest" name="@AfterSuite afterSuite" time="0.0">
    <ignored/>
  </testcase> <!-- @AfterSuite afterSuite -->
  <testcase classname="com.restassured.testcases.BaseTest" name="@AfterSuite afterSuite" time="0.0">
    <ignored/>
  </testcase> <!-- @AfterSuite afterSuite -->
  <testcase classname="com.restassured.testcases.BaseTest" name="@AfterSuite afterSuite" time="0.0">
    <ignored/>
  </testcase> <!-- @AfterSuite afterSuite -->
  <testcase classname="com.restassured.testcases.BaseTest" name="@AfterSuite afterSuite" time="0.0">
    <ignored/>
  </testcase> <!-- @AfterSuite afterSuite -->
  <testcase classname="com.restassured.testcases.BaseTest" name="@AfterSuite afterSuite" time="0.0">
    <ignored/>
  </testcase> <!-- @AfterSuite afterSuite -->
  <testcase classname="com.restassured.testcases.BaseTest" name="@AfterSuite afterSuite" time="0.0">
    <ignored/>
  </testcase> <!-- @AfterSuite afterSuite -->
  <testcase classname="com.restassured.testcases.BaseTest" name="@AfterSuite afterSuite" time="0.0">
    <ignored/>
  </testcase> <!-- @AfterSuite afterSuite -->
  <testcase classname="com.restassured.testcases.BaseTest" name="@BeforeSuite setUpSuite" time="0.0">
    <ignored/>
  </testcase> <!-- @BeforeSuite setUpSuite -->
  <testcase classname="com.restassured.testcases.BaseTest" name="@BeforeSuite setUpSuite" time="0.0">
    <ignored/>
  </testcase> <!-- @BeforeSuite setUpSuite -->
  <testcase classname="com.restassured.testcases.BaseTest" name="@BeforeSuite setUpSuite" time="0.0">
    <ignored/>
  </testcase> <!-- @BeforeSuite setUpSuite -->
  <testcase classname="com.restassured.testcases.BaseTest" name="@BeforeSuite setUpSuite" time="0.0">
    <ignored/>
  </testcase> <!-- @BeforeSuite setUpSuite -->
  <testcase classname="com.restassured.testcases.BaseTest" name="@BeforeSuite setUpSuite" time="0.0">
    <ignored/>
  </testcase> <!-- @BeforeSuite setUpSuite -->
  <testcase classname="com.restassured.testcases.BaseTest" name="@BeforeSuite setUpSuite" time="0.0">
    <ignored/>
  </testcase> <!-- @BeforeSuite setUpSuite -->
  <testcase classname="com.restassured.testcases.BaseTest" name="@BeforeSuite setUpSuite" time="0.0">
    <ignored/>
  </testcase> <!-- @BeforeSuite setUpSuite -->
  <testcase classname="com.restassured.testcases.BaseTest" name="@BeforeSuite setUpSuite" time="0.0">
    <ignored/>
  </testcase> <!-- @BeforeSuite setUpSuite -->
  <testcase classname="com.restassured.testcases.BaseTest" name="@BeforeSuite setUpSuite" time="0.0">
    <ignored/>
  </testcase> <!-- @BeforeSuite setUpSuite -->
  <testcase classname="com.restassured.testcases.BaseTest" name="@BeforeSuite setUpSuite" time="0.0">
    <ignored/>
  </testcase> <!-- @BeforeSuite setUpSuite -->
  <testcase classname="com.restassured.testcases.BaseTest" name="@BeforeSuite setUpSuite" time="0.0">
    <ignored/>
  </testcase> <!-- @BeforeSuite setUpSuite -->
  <testcase classname="com.restassured.testcases.BaseTest" name="@BeforeSuite setUpSuite" time="0.0">
    <ignored/>
  </testcase> <!-- @BeforeSuite setUpSuite -->
  <testcase classname="com.restassured.testcases.BaseTest" name="@BeforeSuite setUpSuite" time="0.0">
    <ignored/>
  </testcase> <!-- @BeforeSuite setUpSuite -->
  <testcase classname="com.restassured.testcases.BaseTest" name="@BeforeSuite setUpSuite" time="0.0">
    <ignored/>
  </testcase> <!-- @BeforeSuite setUpSuite -->
  <testcase classname="com.restassured.testcases.BaseTest" name="@BeforeSuite setUpSuite" time="0.0">
    <ignored/>
  </testcase> <!-- @BeforeSuite setUpSuite -->
  <testcase classname="com.restassured.testcases.BaseTest" name="@BeforeSuite setUpSuite" time="0.0">
    <ignored/>
  </testcase> <!-- @BeforeSuite setUpSuite -->
  <testcase classname="com.restassured.testcases.BaseTest" name="@BeforeSuite setUpSuite" time="0.0">
    <ignored/>
  </testcase> <!-- @BeforeSuite setUpSuite -->
  <testcase classname="com.restassured.testcases.BaseTest" name="@BeforeSuite setUpSuite" time="0.0">
    <ignored/>
  </testcase> <!-- @BeforeSuite setUpSuite -->
  <testcase classname="com.restassured.testcases.BaseTest" name="@BeforeSuite setUpSuite" time="0.0">
    <ignored/>
  </testcase> <!-- @BeforeSuite setUpSuite -->
  <testcase classname="com.restassured.testcases.BaseTest" name="@BeforeSuite setUpSuite" time="0.0">
    <ignored/>
  </testcase> <!-- @BeforeSuite setUpSuite -->
  <testcase classname="com.restassured.testcases.BaseTest" name="@BeforeSuite setUpSuite" time="0.0">
    <ignored/>
  </testcase> <!-- @BeforeSuite setUpSuite -->
  <testcase classname="com.restassured.testcases.BaseTest" name="@BeforeSuite setUpSuite" time="0.0">
    <ignored/>
  </testcase> <!-- @BeforeSuite setUpSuite -->
  <testcase classname="com.restassured.testcases.BaseTest" name="@BeforeSuite setUpSuite" time="0.0">
    <ignored/>
  </testcase> <!-- @BeforeSuite setUpSuite -->
  <testcase classname="com.restassured.testcases.BaseTest" name="@BeforeSuite setUpSuite" time="0.0">
    <ignored/>
  </testcase> <!-- @BeforeSuite setUpSuite -->
  <testcase classname="com.restassured.testcases.BaseTest" name="@BeforeSuite setUpSuite" time="0.0">
    <ignored/>
  </testcase> <!-- @BeforeSuite setUpSuite -->
  <testcase classname="com.restassured.testcases.BaseTest" name="@BeforeSuite setUpSuite" time="0.0">
    <ignored/>
  </testcase> <!-- @BeforeSuite setUpSuite -->
  <testcase classname="com.restassured.testcases.BaseTest" name="@BeforeSuite setUpSuite" time="0.0">
    <ignored/>
  </testcase> <!-- @BeforeSuite setUpSuite -->
  <testcase classname="com.restassured.testcases.BaseTest" name="@BeforeSuite setUpSuite" time="0.0">
    <ignored/>
  </testcase> <!-- @BeforeSuite setUpSuite -->
  <testcase classname="com.restassured.testcases.BaseTest" name="@BeforeSuite setUpSuite" time="0.0">
    <ignored/>
  </testcase> <!-- @BeforeSuite setUpSuite -->
  <testcase classname="com.restassured.testcases.BaseTest" name="@BeforeSuite setUpSuite" time="0.0">
    <ignored/>
  </testcase> <!-- @BeforeSuite setUpSuite -->
  <testcase classname="com.restassured.testcases.BaseTest" name="@BeforeSuite setUpSuite" time="0.0">
    <ignored/>
  </testcase> <!-- @BeforeSuite setUpSuite -->
  <testcase classname="com.restassured.testcases.BaseTest" name="@BeforeSuite setUpSuite" time="0.0">
    <ignored/>
  </testcase> <!-- @BeforeSuite setUpSuite -->
  <testcase classname="com.restassured.testcases.BaseTest" name="@BeforeSuite setUpSuite" time="0.0">
    <ignored/>
  </testcase> <!-- @BeforeSuite setUpSuite -->
  <testcase classname="com.restassured.testcases.BaseTest" name="@BeforeSuite setUpSuite" time="0.0">
    <ignored/>
  </testcase> <!-- @BeforeSuite setUpSuite -->
  <testcase classname="com.restassured.testcases.BaseTest" name="@BeforeSuite setUpSuite" time="0.0">
    <ignored/>
  </testcase> <!-- @BeforeSuite setUpSuite -->
</testsuite> <!-- Test -->
